\BOOKMARK [0][-]{dummy.2}{\376\377\000A\000b\000s\000t\000r\000a\000c\000t\000\040\000\050\000I\000t\000a\000l\000i\000a\000n\000\051}{}% 1
\BOOKMARK [0][-]{dummy.3}{\376\377\000A\000b\000s\000t\000r\000a\000c\000t}{}% 2
\BOOKMARK [0][-]{dummy.4}{\376\377\000A\000c\000k\000n\000o\000w\000l\000e\000d\000g\000e\000m\000e\000n\000t\000s}{}% 3
\BOOKMARK [0][-]{dummy.6}{\376\377\000L\000i\000s\000t\000\040\000o\000f\000\040\000F\000i\000g\000u\000r\000e\000s}{}% 4
\BOOKMARK [0][-]{dummy.8}{\376\377\000L\000i\000s\000t\000\040\000o\000f\000\040\000T\000a\000b\000l\000e\000s}{}% 5
\BOOKMARK [0][-]{dummy.10}{\376\377\000A\000b\000b\000r\000e\000v\000i\000a\000t\000i\000o\000n\000s}{}% 6
\BOOKMARK [0][-]{chapter.13}{\376\377\0001\000\040\000I\000n\000t\000r\000o\000d\000u\000c\000t\000i\000o\000n}{}% 7
\BOOKMARK [1][-]{section.14}{\376\377\0001\000.\0001\000\040\000I\000n\000t\000e\000r\000c\000o\000u\000n\000t\000r\000y\000\040\000a\000n\000d\000\040\000i\000n\000t\000e\000r\000n\000a\000t\000i\000o\000n\000a\000l\000\040\000a\000d\000o\000p\000t\000e\000e\000s}{chapter.13}% 8
\BOOKMARK [2][-]{subsection.15}{\376\377\0001\000.\0001\000.\0001\000\040\000L\000e\000v\000e\000l\000s\000\040\000a\000n\000d\000\040\000t\000r\000e\000n\000d\000s\000\040\000i\000n\000\040\000i\000n\000t\000e\000r\000c\000o\000u\000n\000t\000r\000y\000\040\000a\000d\000o\000p\000t\000i\000o\000n\000\040\000w\000o\000r\000l\000d\000w\000i\000d\000e}{section.14}% 9
\BOOKMARK [2][-]{subsection.19}{\376\377\0001\000.\0001\000.\0002\000\040\000I\000n\000t\000e\000r\000n\000a\000t\000i\000o\000n\000a\000l\000\040\000a\000d\000o\000p\000t\000i\000o\000n\000s\000\040\000i\000n\000\040\000I\000t\000a\000l\000y}{section.14}% 10
\BOOKMARK [1][-]{section.20}{\376\377\0001\000.\0002\000\040\000H\000e\000a\000l\000t\000h\000\040\000s\000t\000a\000t\000u\000s\000\040\000a\000n\000d\000\040\000s\000c\000r\000e\000e\000n\000i\000n\000g\000\040\000p\000r\000o\000t\000o\000c\000o\000l\000s}{chapter.13}% 11
\BOOKMARK [2][-]{subsection.21}{\376\377\0001\000.\0002\000.\0001\000\040\000H\000e\000a\000l\000t\000h\000\040\000s\000t\000a\000t\000u\000s\000\040\000a\000n\000d\000\040\000s\000c\000r\000e\000e\000n\000i\000n\000g\000\040\000p\000r\000o\000t\000o\000c\000o\000l\000s\000\040\000i\000n\000\040\000I\000t\000a\000l\000y}{section.20}% 12
\BOOKMARK [2][-]{subsection.22}{\376\377\0001\000.\0002\000.\0002\000\040\000H\000e\000a\000l\000t\000h\000\040\000s\000t\000a\000t\000u\000s\000\040\000a\000n\000d\000\040\000s\000c\000r\000e\000e\000n\000i\000n\000g\000\040\000p\000r\000o\000t\000o\000c\000o\000l\000s\000\040\000i\000n\000\040\000t\000h\000e\000\040\000w\000o\000r\000l\000d}{section.20}% 13
\BOOKMARK [1][-]{section.23}{\376\377\0001\000.\0003\000\040\000I\000l\000l\000n\000e\000s\000s\000e\000s\000\040\000a\000n\000d\000\040\000d\000y\000s\000f\000u\000n\000c\000t\000i\000o\000n\000s\000\040\000u\000n\000d\000e\000r\000\040\000e\000x\000a\000m}{chapter.13}% 14
\BOOKMARK [2][-]{subsubsection.24}{\376\377\0001\000.\0003\000.\0000\000.\0001\000\040\000I\000n\000f\000e\000c\000t\000i\000o\000u\000s\000\040\000d\000i\000s\000e\000a\000s\000e\000s}{section.23}% 15
\BOOKMARK [3][-]{subsubsection.25}{\376\377\0001\000.\0003\000.\0000\000.\0002\000\040\000B\000l\000o\000o\000d\000\040\000c\000o\000u\000n\000t\000\040\000d\000i\000s\000o\000r\000d\000e\000r\000s\000\040\000a\000n\000d\000\040\000d\000e\000f\000i\000c\000i\000e\000n\000c\000y\000\040\000s\000t\000a\000t\000e\000s}{subsubsection.24}% 16
\BOOKMARK [4][-]{section*.26}{\376\377\000I\000r\000o\000n\000-\000d\000e\000f\000i\000c\000i\000e\000n\000t\000\040\000a\000n\000e\000m\000i\000a}{subsubsection.25}% 17
\BOOKMARK [4][-]{section*.27}{\376\377\000V\000i\000t\000a\000m\000i\000n\000\040\000D\000\040\000d\000e\000f\000i\000c\000i\000e\000n\000c\000y}{subsubsection.25}% 18
\BOOKMARK [3][-]{subsubsection.28}{\376\377\0001\000.\0003\000.\0000\000.\0003\000\040\000H\000e\000i\000g\000h\000t\000-\000w\000e\000i\000g\000h\000t\000\040\000d\000i\000s\000o\000r\000d\000e\000r\000s}{subsubsection.24}% 19
\BOOKMARK [0][-]{chapter.29}{\376\377\0002\000\040\000M\000a\000t\000e\000r\000i\000a\000l\000s\000\040\000a\000n\000d\000\040\000M\000e\000t\000h\000o\000d\000s}{}% 20
\BOOKMARK [1][-]{section.30}{\376\377\0002\000.\0001\000\040\000T\000h\000e\000\040\000d\000a\000t\000a\000\040\000s\000e\000t}{chapter.29}% 21
\BOOKMARK [2][-]{subsection.31}{\376\377\0002\000.\0001\000.\0001\000\040\000T\000h\000e\000\040\000p\000o\000p\000u\000l\000a\000t\000i\000o\000n\000\040\000i\000n\000\040\000e\000x\000a\000m}{section.30}% 22
\BOOKMARK [2][-]{subsection.32}{\376\377\0002\000.\0001\000.\0002\000\040\000I\000n\000c\000l\000u\000s\000i\000o\000n\000\040\000a\000n\000d\000\040\000e\000x\000c\000l\000u\000s\000i\000o\000n\000\040\000c\000i\000t\000e\000r\000i\000a}{section.30}% 23
\BOOKMARK [1][-]{section.33}{\376\377\0002\000.\0002\000\040\000D\000a\000t\000a\000\040\000s\000e\000t\000\040\000e\000l\000a\000b\000o\000r\000a\000t\000i\000o\000n}{chapter.29}% 24
\BOOKMARK [2][-]{subsection.34}{\376\377\0002\000.\0002\000.\0001\000\040\000V\000B\000A\000\040\000e\000x\000p\000r\000e\000s\000s\000i\000o\000n\000s}{section.33}% 25
\BOOKMARK [2][-]{subsection.35}{\376\377\0002\000.\0002\000.\0002\000\040\000C\000u\000t\000-\000o\000f\000f\000\040\000v\000a\000l\000u\000e\000s}{section.33}% 26
\BOOKMARK [3][-]{subsubsection.36}{\376\377\0002\000.\0002\000.\0002\000.\0001\000\040\000H\000a\000e\000m\000o\000g\000l\000o\000b\000i\000n}{subsection.35}% 27
\BOOKMARK [3][-]{subsubsection.37}{\376\377\0002\000.\0002\000.\0002\000.\0002\000\040\000M\000C\000V}{subsection.35}% 28
\BOOKMARK [3][-]{subsubsection.38}{\376\377\0002\000.\0002\000.\0002\000.\0003\000\040\000C\000i\000r\000c\000u\000l\000a\000t\000i\000n\000g\000\040\000I\000r\000o\000n}{subsection.35}% 29
\BOOKMARK [3][-]{subsubsection.39}{\376\377\0002\000.\0002\000.\0002\000.\0004\000\040\000V\000i\000t\000a\000m\000i\000n\000\040\000D}{subsection.35}% 30
\BOOKMARK [1][-]{section.40}{\376\377\0002\000.\0003\000\040\000S\000t\000a\000t\000i\000s\000t\000i\000c\000a\000l\000\040\000A\000n\000a\000l\000y\000s\000e\000s}{chapter.29}% 31
\BOOKMARK [0][-]{chapter.41}{\376\377\0003\000\040\000R\000e\000s\000u\000l\000t\000s}{}% 32
\BOOKMARK [1][-]{section.42}{\376\377\0003\000.\0001\000\040\000I\000n\000t\000r\000o\000d\000u\000c\000t\000i\000o\000n}{chapter.41}% 33
\BOOKMARK [1][-]{section.43}{\376\377\0003\000.\0002\000\040\000R\000i\000s\000u\000l\000t\000a\000t\000i\000\040\0001}{chapter.41}% 34
\BOOKMARK [1][-]{section.44}{\376\377\0003\000.\0003\000\040\000R\000i\000s\000u\000l\000t\000a\000t\000i\000\040\0002}{chapter.41}% 35
\BOOKMARK [1][-]{section.45}{\376\377\0003\000.\0004\000\040\000R\000i\000s\000u\000l\000t\000a\000t\000i\000\040\0003}{chapter.41}% 36
\BOOKMARK [0][-]{chapter.46}{\376\377\0004\000\040\000D\000i\000s\000c\000u\000s\000s\000i\000o\000n}{}% 37
\BOOKMARK [1][-]{section.47}{\376\377\0004\000.\0001\000\040\000O\000b\000j\000e\000c\000t\000i\000v\000e\000s\000\040\000a\000c\000h\000i\000e\000v\000e\000d}{chapter.46}% 38
\BOOKMARK [1][-]{section.48}{\376\377\0004\000.\0002\000\040\000O\000u\000r\000\040\000r\000e\000c\000o\000m\000m\000e\000n\000d\000a\000t\000i\000o\000n\000s}{chapter.46}% 39
\BOOKMARK [1][-]{section.49}{\376\377\0004\000.\0003\000\040\000F\000u\000t\000u\000r\000e\000\040\000w\000o\000r\000k}{chapter.46}% 40
\BOOKMARK [0][-]{chapter.50}{\376\377\0005\000\040\000H\000o\000w\000\040\000t\000o\000\040\000D\000o}{}% 41
\BOOKMARK [1][-]{section.51}{\376\377\0005\000.\0001\000\040\000I\000n\000c\000l\000u\000d\000i\000n\000g\000\040\000S\000e\000c\000t\000i\000o\000n\000s\000\040\000a\000n\000d\000\040\000S\000u\000b\000s\000e\000c\000t\000i\000o\000n\000s}{chapter.50}% 42
\BOOKMARK [2][-]{subsection.52}{\376\377\0005\000.\0001\000.\0001\000\040\000I\000\040\000l\000i\000k\000e\000\040\000m\000y\000s\000e\000l\000f}{section.51}% 43
\BOOKMARK [2][-]{subsection.53}{\376\377\0005\000.\0001\000.\0002\000\040\000b\000u\000t\000\040\000I\000'\000m\000\040\000w\000e\000i\000r\000d}{section.51}% 44
\BOOKMARK [3][-]{subsubsection.54}{\376\377\0005\000.\0001\000.\0002\000.\0001\000\040\000L\000O\000S\000T\000\040\000O\000F\000\040\000F\000U\000N\000!}{subsection.53}% 45
\BOOKMARK [3][-]{subsubsection.55}{\376\377\0005\000.\0001\000.\0002\000.\0002\000\040\000I\000'\000m\000\040\000c\000a\000l\000m\000\040\000a\000n\000d\000\040\000s\000h\000i\000t}{subsection.53}% 46
\BOOKMARK [1][-]{section.57}{\376\377\0005\000.\0002\000\040\000I\000n\000c\000l\000u\000d\000i\000n\000g\000\040\000r\000e\000f\000e\000r\000e\000n\000c\000e\000s\000\040\000a\000n\000d\000\040\000c\000i\000t\000a\000t\000i\000o\000n\000s}{chapter.50}% 47
\BOOKMARK [2][-]{subsection.58}{\376\377\0005\000.\0002\000.\0001\000\040\000R\000e\000f\000e\000r\000e\000n\000c\000i\000n\000g\000\040\000i\000m\000a\000g\000e\000s\000\040\000a\000n\000d\000\040\000t\000a\000b\000l\000e\000s\000!}{section.57}% 48
\BOOKMARK [2][-]{subsection.59}{\376\377\0005\000.\0002\000.\0002\000\040\000R\000e\000f\000e\000r\000e\000n\000c\000i\000n\000g\000\040\000c\000h\000a\000p\000t\000e\000r\000s\000\040\000a\000n\000d\000\040\000s\000u\000b\000c\000h\000a\000p\000t\000e\000r\000s}{section.57}% 49
\BOOKMARK [2][-]{subsection.60}{\376\377\0005\000.\0002\000.\0003\000\040\000U\000s\000i\000n\000g\000\040\000f\000o\000o\000t\000n\000o\000t\000e\000s}{section.57}% 50
\BOOKMARK [1][-]{section.64}{\376\377\0005\000.\0003\000\040\000I\000n\000c\000l\000u\000d\000i\000n\000g\000\040\000q\000u\000o\000t\000e\000s}{chapter.50}% 51
\BOOKMARK [1][-]{section.65}{\376\377\0005\000.\0004\000\040\000I\000n\000c\000l\000u\000d\000i\000n\000g\000\040\000U\000R\000L\000s}{chapter.50}% 52
\BOOKMARK [1][-]{section.66}{\376\377\0005\000.\0005\000\040\000I\000n\000c\000l\000u\000d\000i\000n\000g\000\040\000c\000o\000d\000e}{chapter.50}% 53
\BOOKMARK [1][-]{section.117}{\376\377\0005\000.\0006\000\040\000F\000o\000r\000m\000a\000t\000t\000i\000n\000g\000\040\000T\000e\000x\000t}{chapter.50}% 54
\BOOKMARK [1][-]{section.118}{\376\377\0005\000.\0007\000\040\000I\000n\000c\000l\000u\000d\000i\000n\000g\000\040\000b\000u\000l\000l\000e\000t\000e\000d\000\040\000l\000i\000s\000t}{chapter.50}% 55
\BOOKMARK [1][-]{section.122}{\376\377\0005\000.\0008\000\040\000I\000n\000c\000l\000u\000d\000i\000n\000g\000\040\000F\000i\000g\000u\000r\000e\000s}{chapter.50}% 56
\BOOKMARK [1][-]{section.124}{\376\377\0005\000.\0009\000\040\000I\000n\000c\000l\000u\000d\000i\000n\000g\000\040\000T\000a\000b\000l\000e\000s}{chapter.50}% 57
\BOOKMARK [0][-]{appendix.127}{\376\377\000A\000\040\000D\000a\000t\000a\000\040\000s\000e\000t\000\040\000e\000l\000a\000b\000o\000r\000a\000t\000i\000o\000n\000:\000\040\000V\000B\000A\000\040\000e\000x\000p\000r\000e\000s\000s\000i\000o\000n\000s}{}% 58
\BOOKMARK [1][-]{section.134}{\376\377\000A\000.\0001\000\040\000A\000g\000e\000\040\000\050\000i\000n\000\040\000m\000o\000n\000t\000h\000s\000\051}{appendix.127}% 59
\BOOKMARK [1][-]{section.144}{\376\377\000A\000.\0002\000\040\000G\000e\000o\000g\000r\000a\000p\000h\000i\000c\000\040\000a\000r\000e\000a\000\040\000o\000f\000\040\000o\000r\000i\000g\000i\000n}{appendix.127}% 60
\BOOKMARK [1][-]{section.195}{\376\377\000A\000.\0003\000\040\000P\000a\000t\000h\000o\000l\000o\000g\000i\000c\000a\000l\000\040\000v\000a\000l\000u\000e\000s}{appendix.127}% 61
\BOOKMARK [2][-]{subsection.196}{\376\377\000A\000.\0003\000.\0001\000\040\000W\000e\000i\000g\000h\000t\000\040\000a\000n\000d\000\040\000h\000e\000i\000g\000h\000t}{section.195}% 62
\BOOKMARK [2][-]{subsection.207}{\376\377\000A\000.\0003\000.\0002\000\040\000H\000a\000e\000m\000o\000g\000l\000o\000b\000i\000n}{section.195}% 63
\BOOKMARK [2][-]{subsection.288}{\376\377\000A\000.\0003\000.\0003\000\040\000M\000C\000V}{section.195}% 64
\BOOKMARK [2][-]{subsection.409}{\376\377\000A\000.\0003\000.\0004\000\040\000C\000i\000r\000c\000u\000l\000a\000t\000i\000n\000g\000\040\000i\000r\000o\000n}{section.195}% 65
\BOOKMARK [2][-]{subsection.423}{\376\377\000A\000.\0003\000.\0005\000\040\000F\000e\000r\000r\000i\000t\000i\000n}{section.195}% 66
\BOOKMARK [2][-]{subsection.451}{\376\377\000A\000.\0003\000.\0006\000\040\000V\000i\000t\000a\000m\000i\000n\000\040\000D}{section.195}% 67
\BOOKMARK [0][-]{dummy.479}{\376\377\000B\000i\000b\000l\000i\000o\000g\000r\000a\000p\000h\000y}{}% 68
